<?xml version="1.0" encoding="UTF-8"?>
<!-- Generated by org.testng.reporters.JUnitXMLReporter -->
<testsuite hostname="DEEPU-PC" name="Test" tests="3" failures="0" timestamp="26 Jun 2017 08:47:24 GMT" time="251.497" errors="0">
  <testcase name="invalidSearch_Test" time="71.878" classname="senario_driver_components.SenarioSearch_Components"/>
  <testcase name="invalidSearch_Test" time="87.558" classname="senario_driver_components.SenarioSearch_Components"/>
  <testcase name="atestaddCart" time="90.904" classname="senario_driver_components.SenarioAddCart_component"/>
</testsuite> <!-- Test -->
