<?xml version="1.0" encoding="UTF-8"?>
<!-- Generated by org.testng.reporters.JUnitXMLReporter -->
<testsuite hostname="DEEPU-PC" name="Test" tests="3" failures="0" timestamp="26 Jun 2017 08:18:44 GMT" time="216.84" errors="0">
  <testcase name="invalidSearch_Test" time="63.896" classname="senario_driver_components.SenarioSearch_Components"/>
  <testcase name="invalidSearch_Test" time="62.995" classname="senario_driver_components.SenarioSearch_Components"/>
  <testcase name="atestaddCart" time="89.038" classname="senario_driver_components.SenarioAddCart_component"/>
</testsuite> <!-- Test -->
