<?xml version="1.0" encoding="UTF-8"?>
<testng-results skipped="0" failed="0" total="3" passed="3">
  <reporter-output>
  </reporter-output>
  <suite name="Suite" duration-ms="216840" started-at="2017-06-26T08:15:07Z" finished-at="2017-06-26T08:18:44Z">
    <groups>
      <group name="regresion">
        <method signature="SenarioAddCart_component.deletecartTeat(java.util.Map)[pri:0, instance:senario_driver_components.SenarioAddCart_component@a74868d]" name="deletecartTeat" class="senario_driver_components.SenarioAddCart_component"/>
        <method signature="SenarioSearch_Components.validSearch(java.util.Map)[pri:0, instance:senario_driver_components.SenarioSearch_Components@32eebfca]" name="validSearch" class="senario_driver_components.SenarioSearch_Components"/>
      </group> <!-- regresion -->
      <group name="sanity">
        <method signature="SenarioAddCart_component.atestaddCart(java.util.Map)[pri:0, instance:senario_driver_components.SenarioAddCart_component@a74868d]" name="atestaddCart" class="senario_driver_components.SenarioAddCart_component"/>
        <method signature="SenarioSearch_Components.invalidSearch_Test(java.util.Map)[pri:0, instance:senario_driver_components.SenarioSearch_Components@32eebfca]" name="invalidSearch_Test" class="senario_driver_components.SenarioSearch_Components"/>
      </group> <!-- sanity -->
    </groups>
    <test name="Test" duration-ms="216840" started-at="2017-06-26T08:15:07Z" finished-at="2017-06-26T08:18:44Z">
      <class name="senario_driver_components.SenarioSearch_Components">
        <test-method status="PASS" signature="invalidSearch_Test(java.util.Map)[pri:0, instance:senario_driver_components.SenarioSearch_Components@32eebfca]" name="invalidSearch_Test" duration-ms="63896" started-at="2017-06-26T13:45:08Z" data-provider="dp_invalidtest" finished-at="2017-06-26T13:46:12Z">
          <params>
            <param index="0">
              <value>
                <![CDATA[{ExpectedResult=Sorry! There are no products to display., TC_ID=GB_01, Script_name=InValidSearch, SearchItems=###, Order_Set=1.0, Exicute_flag=Y}]]>
              </value>
            </param>
          </params>
          <reporter-output>
          </reporter-output>
        </test-method> <!-- invalidSearch_Test -->
        <test-method status="PASS" signature="invalidSearch_Test(java.util.Map)[pri:0, instance:senario_driver_components.SenarioSearch_Components@32eebfca]" name="invalidSearch_Test" duration-ms="62995" started-at="2017-06-26T13:46:12Z" data-provider="dp_invalidtest" finished-at="2017-06-26T13:47:15Z">
          <params>
            <param index="0">
              <value>
                <![CDATA[{ExpectedResult=Sorry! There are no products to display., TC_ID=GB_1.2, Script_name=InValidSearch, SearchItems=##, Order_Set=2.0, Exicute_flag=Y}]]>
              </value>
            </param>
          </params>
          <reporter-output>
          </reporter-output>
        </test-method> <!-- invalidSearch_Test -->
      </class> <!-- senario_driver_components.SenarioSearch_Components -->
      <class name="senario_driver_components.SenarioAddCart_component">
        <test-method status="PASS" signature="atestaddCart(java.util.Map)[pri:0, instance:senario_driver_components.SenarioAddCart_component@a74868d]" name="atestaddCart" duration-ms="89038" started-at="2017-06-26T13:47:15Z" data-provider="dp_AddCart" finished-at="2017-06-26T13:48:44Z">
          <params>
            <param index="0">
              <value>
                <![CDATA[{quantity=1.0, ExpectedResult=Raw Mango - Diced, TC_ID=GB_05, Script_name=AddCart, SearchItems=Raw Mango - Diced, Order_Set=1.0, Exicute_flag=Y}]]>
              </value>
            </param>
          </params>
          <reporter-output>
          </reporter-output>
        </test-method> <!-- atestaddCart -->
      </class> <!-- senario_driver_components.SenarioAddCart_component -->
    </test> <!-- Test -->
  </suite> <!-- Suite -->
</testng-results>
